<?xml version="1.0" encoding="UTF-8"?>
<!-- Generated by org.testng.reporters.JUnitReportReporter -->
<testsuite skipped="0" hostname="li-c536d74c-2485-11b2-a85c-9799a1fe55bc.ibm.com" name="TestCases.HomePageTest" tests="5" failures="0" timestamp="2021-07-03T21:20:59 IST" time="0.069" errors="0">
  <testcase name="verifyDisplayBookCounts" time="0.023" classname="TestCases.HomePageTest"/>
  <system-out/>
  <testcase name="verifyBookDetails" time="0.002" classname="TestCases.HomePageTest"/>
  <system-out/>
  <testcase name="VerifyOnClickingMoreLatestBookLinkNewPageIsGettingOpened" time="0.002" classname="TestCases.HomePageTest"/>
  <system-out/>
  <testcase name="verifyHomePageTitle" time="0.007" classname="TestCases.HomePageTest"/>
  <system-out/>
  <testcase name="verifyThePageHeader" time="0.035" classname="TestCases.HomePageTest"/>
  <system-out/>
</testsuite> <!-- TestCases.HomePageTest -->
