<?xml version="1.0" encoding="UTF-8"?>
<!-- Generated by org.testng.reporters.JUnitReportReporter -->
<testsuite skipped="0" hostname="li-c536d74c-2485-11b2-a85c-9799a1fe55bc.ibm.com" name="GutenbergTestAutomation.Gutenberg.AppTest" tests="1" failures="0" timestamp="2021-07-02T22:19:13 IST" time="0.002" errors="0">
  <testcase name="shouldAnswerWithTrue" time="0.002" classname="GutenbergTestAutomation.Gutenberg.AppTest"/>
  <system-out/>
</testsuite> <!-- GutenbergTestAutomation.Gutenberg.AppTest -->
