<?xml version="1.0" encoding="UTF-8"?>
<!-- Generated by org.testng.reporters.JUnitReportReporter -->
<testsuite hostname="li-c536d74c-2485-11b2-a85c-9799a1fe55bc.ibm.com" failures="0" tests="2" name="TestCases.SearchPageTestCases" time="0.021" errors="0" timestamp="2021-07-03T16:16:10 IST" skipped="0">
  <testcase classname="TestCases.SearchPageTestCases" name="verifySearchPageTitleTest" time="0.015"/>
  <system-out/>
  <testcase classname="TestCases.SearchPageTestCases" name="verifySearchPageTitleTest12" time="0.006"/>
  <system-out/>
</testsuite> <!-- TestCases.SearchPageTestCases -->
