<?xml version="1.0" encoding="UTF-8"?>
<!-- Generated by org.testng.reporters.JUnitReportReporter -->
<testsuite skipped="0" hostname="li-c536d74c-2485-11b2-a85c-9799a1fe55bc.ibm.com" name="TestCases.SearchPageTest" tests="1" failures="0" timestamp="2021-07-03T21:20:59 IST" time="4.336" errors="0">
  <testcase name="verifyBookIsGettingSearch" time="4.336" classname="TestCases.SearchPageTest"/>
  <system-out/>
</testsuite> <!-- TestCases.SearchPageTest -->
