<?xml version="1.0" encoding="UTF-8"?>
<!-- Generated by org.testng.reporters.JUnitReportReporter -->
<testsuite hostname="li-c536d74c-2485-11b2-a85c-9799a1fe55bc.ibm.com" failures="0" tests="1" name="GutenbergTestAutomation.Gutenberg.AppTest" time="0.003" errors="0" timestamp="2021-07-02T22:30:03 IST" skipped="0">
  <testcase classname="GutenbergTestAutomation.Gutenberg.AppTest" name="shouldAnswerWithTrue" time="0.003"/>
  <system-out/>
</testsuite> <!-- GutenbergTestAutomation.Gutenberg.AppTest -->
